# JRE version: Java(TM) SE Runtime Environment (8.0_92-b14) (build 1.8.0_92-b14)
# Java VM: Java HotSpot(TM) Client VM (25.92-b14 mixed mode windows-x86 )
Heap:
 def new generation   total 46784K, used 32001K [0x04a00000, 0x07cc0000, 0x19f50000)
  eden space 41600K,  75% used [0x04a00000, 0x068c2d68, 0x072a0000)
  from space 5184K,   9% used [0x077b0000, 0x0782d9d0, 0x07cc0000)
  to   space 5184K,   0% used [0x072a0000, 0x072a0000, 0x077b0000)
 tenured generation   total 103804K, used 72514K [0x19f50000, 0x204af000, 0x44a00000)
   the space 103804K,  69% used [0x19f50000, 0x1e620a78, 0x1e620c00, 0x204af000)
 Metaspace       used 36730K, capacity 38585K, committed 38656K, reserved 39296K
GC Heap History (10 events):
Event: 21761.470 GC heap before
{Heap before GC invocations=9935 (full 4):
 def new generation   total 46784K, used 41802K [0x04a00000, 0x07cc0000, 0x19f50000)
  eden space 41600K, 100% used [0x04a00000, 0x072a0000, 0x072a0000)
  from space 5184K,   3% used [0x072a0000, 0x072d2888, 0x077b0000)
  to   space 5184K,   0% used [0x077b0000, 0x077b0000, 0x07cc0000)
 tenured generation   total 103804K, used 72514K [0x19f50000, 0x204af000, 0x44a00000)
   the space 103804K,  69% used [0x19f50000, 0x1e620a78, 0x1e620c00, 0x204af000)
 Metaspace       used 36467K, capacity 38322K, committed 38400K, reserved 39296K
Event: 21761.472 GC heap after
Heap after GC invocations=9936 (full 4):
 def new generation   total 46784K, used 146K [0x04a00000, 0x07cc0000, 0x19f50000)
  eden space 41600K,   0% used [0x04a00000, 0x04a00000, 0x072a0000)
  from space 5184K,   2% used [0x077b0000, 0x077d49f0, 0x07cc0000)
  to   space 5184K,   0% used [0x072a0000, 0x072a0000, 0x077b0000)
 tenured generation   total 103804K, used 72514K [0x19f50000, 0x204af000, 0x44a00000)
   the space 103804K,  69% used [0x19f50000, 0x1e620a78, 0x1e620c00, 0x204af000)
 Metaspace       used 36467K, capacity 38322K, committed 38400K, reserved 39296K
}
Event: 22316.505 GC heap before
{Heap before GC invocations=9936 (full 4):
 def new generation   total 46784K, used 41567K [0x04a00000, 0x07cc0000, 0x19f50000)
  eden space 41600K,  99% used [0x04a00000, 0x07273490, 0x072a0000)
  from space 5184K,   2% used [0x077b0000, 0x077d49f0, 0x07cc0000)
  to   space 5184K,   0% used [0x072a0000, 0x072a0000, 0x077b0000)
 tenured generation   total 103804K, used 72514K [0x19f50000, 0x204af000, 0x44a00000)
   the space 103804K,  69% used [0x19f50000, 0x1e620a78, 0x1e620c00, 0x204af000)
 Metaspace       used 36470K, capacity 38327K, committed 38400K, reserved 39296K
Event: 22316.510 GC heap after
Heap after GC invocations=9937 (full 4):
 def new generation   total 46784K, used 318K [0x04a00000, 0x07cc0000, 0x19f50000)
  eden space 41600K,   0% used [0x04a00000, 0x04a00000, 0x072a0000)
  from space 5184K,   6% used [0x072a0000, 0x072efba8, 0x077b0000)
  to   space 5184K,   0% used [0x077b0000, 0x077b0000, 0x07cc0000)
 tenured generation   total 103804K, used 72514K [0x19f50000, 0x204af000, 0x44a00000)
   the space 103804K,  69% used [0x19f50000, 0x1e620a78, 0x1e620c00, 0x204af000)
 Metaspace       used 36470K, capacity 38327K, committed 38400K, reserved 39296K
}
Event: 22331.265 GC heap before
{Heap before GC invocations=9937 (full 4):
 def new generation   total 46784K, used 40186K [0x04a00000, 0x07cc0000, 0x19f50000)
  eden space 41600K,  95% used [0x04a00000, 0x070eef50, 0x072a0000)
  from space 5184K,   6% used [0x072a0000, 0x072efba8, 0x077b0000)
  to   space 5184K,   0% used [0x077b0000, 0x077b0000, 0x07cc0000)
 tenured generation   total 103804K, used 72514K [0x19f50000, 0x204af000, 0x44a00000)
   the space 103804K,  69% used [0x19f50000, 0x1e620a78, 0x1e620c00, 0x204af000)
 Metaspace       used 36470K, capacity 38327K, committed 38400K, reserved 39296K
Event: 22331.269 GC heap after
Heap after GC invocations=9938 (full 4):
 def new generation   total 46784K, used 493K [0x04a00000, 0x07cc0000, 0x19f50000)
  eden space 41600K,   0% used [0x04a00000, 0x04a00000, 0x072a0000)
  from space 5184K,   9% used [0x077b0000, 0x0782b670, 0x07cc0000)
  to   space 5184K,   0% used [0x072a0000, 0x072a0000, 0x077b0000)
 tenured generation   total 103804K, used 72514K [0x19f50000, 0x204af000, 0x44a00000)
   the space 103804K,  69% used [0x19f50000, 0x1e620a78, 0x1e620c00, 0x204af000)
 Metaspace       used 36470K, capacity 38327K, committed 38400K, reserved 39296K
}
Event: 22346.446 GC heap before
{Heap before GC invocations=9938 (full 4):
 def new generation   total 46784K, used 42007K [0x04a00000, 0x07cc0000, 0x19f50000)
  eden space 41600K,  99% used [0x04a00000, 0x0728a5f0, 0x072a0000)
  from space 5184K,   9% used [0x077b0000, 0x0782b670, 0x07cc0000)
  to   space 5184K,   0% used [0x072a0000, 0x072a0000, 0x077b0000)
 tenured generation   total 103804K, used 72514K [0x19f50000, 0x204af000, 0x44a00000)
   the space 103804K,  69% used [0x19f50000, 0x1e620a78, 0x1e620c00, 0x204af000)
 Metaspace       used 36471K, capacity 38327K, committed 38400K, reserved 39296K
Event: 22346.450 GC heap after
Heap after GC invocations=9939 (full 4):
 def new generation   total 46784K, used 503K [0x04a00000, 0x07cc0000, 0x19f50000)
  eden space 41600K,   0% used [0x04a00000, 0x04a00000, 0x072a0000)
  from space 5184K,   9% used [0x072a0000, 0x0731dec0, 0x077b0000)
  to   space 5184K,   0% used [0x077b0000, 0x077b0000, 0x07cc0000)
 tenured generation   total 103804K, used 72514K [0x19f50000, 0x204af000, 0x44a00000)
   the space 103804K,  69% used [0x19f50000, 0x1e620a78, 0x1e620c00, 0x204af000)
 Metaspace       used 36471K, capacity 38327K, committed 38400K, reserved 39296K
}
Event: 22363.686 GC heap before
{Heap before GC invocations=9939 (full 4):
 def new generation   total 46784K, used 41708K [0x04a00000, 0x07cc0000, 0x19f50000)
  eden space 41600K,  99% used [0x04a00000, 0x0723d3d0, 0x072a0000)
  from space 5184K,   9% used [0x072a0000, 0x0731dec0, 0x077b0000)
  to   space 5184K,   0% used [0x077b0000, 0x077b0000, 0x07cc0000)
 tenured generation   total 103804K, used 72514K [0x19f50000, 0x204af000, 0x44a00000)
   the space 103804K,  69% used [0x19f50000, 0x1e620a78, 0x1e620c00, 0x204af000)
 Metaspace       used 36471K, capacity 38327K, committed 38400K, reserved 39296K
Event: 22363.689 GC heap after
Heap after GC invocations=9940 (full 4):
 def new generation   total 46784K, used 502K [0x04a00000, 0x07cc0000, 0x19f50000)
  eden space 41600K,   0% used [0x04a00000, 0x04a00000, 0x072a0000)
  from space 5184K,   9% used [0x077b0000, 0x0782d9d0, 0x07cc0000)
  to   space 5184K,   0% used [0x072a0000, 0x072a0000, 0x077b0000)
 tenured generation   total 103804K, used 72514K [0x19f50000, 0x204af000, 0x44a00000)
   the space 103804K,  69% used [0x19f50000, 0x1e620a78, 0x1e620c00, 0x204af000)
 Metaspace       used 36471K, capacity 38327K, committed 38400K, reserved 39296K
}

